<?xml version="1.0" encoding="UTF-8" ?>
<testsuite tests="4" failures="1" name="aequilibriumAssessment.RunCucumberTest" time="17.264" errors="0" skipped="0">
  <properties>
    <property name="java.runtime.name" value="Java(TM) SE Runtime Environment"/>
    <property name="java.vm.version" value="15.0.1+9-18"/>
    <property name="sun.boot.library.path" value="D:\Program Files\Java\jdk-15.0.1\bin"/>
    <property name="browser" value="chrome"/>
    <property name="maven.multiModuleProjectDirectory" value="F:\GitHub\Aequilibrium\aequilibriumAssessment"/>
    <property name="java.vm.vendor" value="Oracle Corporation"/>
    <property name="java.vendor.url" value="https://java.oracle.com/"/>
    <property name="guice.disable.misplaced.annotation.check" value="true"/>
    <property name="path.separator" value=";"/>
    <property name="java.vm.name" value="Java HotSpot(TM) 64-Bit Server VM"/>
    <property name="sun.os.patch.level" value=""/>
    <property name="user.script" value=""/>
    <property name="user.country" value="US"/>
    <property name="sun.java.launcher" value="SUN_STANDARD"/>
    <property name="java.vm.specification.name" value="Java Virtual Machine Specification"/>
    <property name="user.dir" value="F:\GitHub\Aequilibrium\aequilibriumAssessment"/>
    <property name="java.vm.compressedOopsMode" value="Zero based"/>
    <property name="java.runtime.version" value="15.0.1+9-18"/>
    <property name="os.arch" value="amd64"/>
    <property name="java.io.tmpdir" value="C:\Users\Uhtred\AppData\Local\Temp\"/>
    <property name="line.separator" value="
"/>
    <property name="java.vm.specification.vendor" value="Oracle Corporation"/>
    <property name="user.variant" value=""/>
    <property name="os.name" value="Windows 10"/>
    <property name="classworlds.conf" value="D:\Program Files\apache-maven-3.8.1\bin\..\bin\m2.conf"/>
    <property name="sun.jnu.encoding" value="Cp1252"/>
    <property name="java.library.path" value="D:\Program Files\Java\jdk-15.0.1\bin;C:\WINDOWS\Sun\Java\bin;C:\WINDOWS\system32;C:\WINDOWS;C:\Program Files\Common Files\Oracle\Java\javapath;C:\WINDOWS\system32;C:\WINDOWS;C:\WINDOWS\System32\Wbem;C:\WINDOWS\System32\WindowsPowerShell\v1.0\;C:\WINDOWS\System32\OpenSSH\;C:\Users\Uhtred\AppData\Local\Microsoft\WindowsApps;C:\Users\Uhtred\AppData\Local\Android\Sdk\platform-tools;C:\Users\Uhtred\AppData\Local\Android\Sdk\tools;C:\Users\Uhtred\AppData\Local\Android\Sdk\tools\bin;D:\Program Files\Java\jdk-15.0.1\bin;C:\Users\Uhtred\AppData\Local\GitHubDesktop\bin;D:\Program Files\apache-maven-3.8.1\bin;;."/>
    <property name="maven.conf" value="D:\Program Files\apache-maven-3.8.1\bin\../conf"/>
    <property name="jdk.debug" value="release"/>
    <property name="java.class.version" value="59.0"/>
    <property name="java.specification.name" value="Java Platform API Specification"/>
    <property name="sun.management.compiler" value="HotSpot 64-Bit Tiered Compilers"/>
    <property name="os.version" value="10.0"/>
    <property name="library.jansi.path" value="D:\Program Files\apache-maven-3.8.1\bin\..\lib\jansi-native"/>
    <property name="user.home" value="C:\Users\Uhtred"/>
    <property name="user.timezone" value="Asia/Singapore"/>
    <property name="file.encoding" value="Cp1252"/>
    <property name="java.specification.version" value="15"/>
    <property name="cucumber.filter.tags" value="@validUsers"/>
    <property name="user.name" value="Uhtred"/>
    <property name="java.class.path" value="D:\Program Files\apache-maven-3.8.1\bin\..\boot\plexus-classworlds-2.6.0.jar"/>
    <property name="java.vm.specification.version" value="15"/>
    <property name="sun.arch.data.model" value="64"/>
    <property name="sun.java.command" value="org.codehaus.plexus.classworlds.launcher.Launcher clean verify -Dbrowser=chrome -Dcucumber.filter.tags=@validUsers"/>
    <property name="java.home" value="D:\Program Files\Java\jdk-15.0.1"/>
    <property name="user.language" value="en"/>
    <property name="java.specification.vendor" value="Oracle Corporation"/>
    <property name="java.vm.info" value="mixed mode, sharing"/>
    <property name="java.version" value="15.0.1"/>
    <property name="java.vendor" value="Oracle Corporation"/>
    <property name="sun.stderr.encoding" value="cp437"/>
    <property name="maven.home" value="D:\Program Files\apache-maven-3.8.1\bin\.."/>
    <property name="file.separator" value="\"/>
    <property name="java.version.date" value="2020-10-20"/>
    <property name="java.vendor.url.bug" value="https://bugreport.java.com/bugreport/"/>
    <property name="sun.io.unicode.encoding" value="UnicodeLittle"/>
    <property name="sun.cpu.endian" value="little"/>
    <property name="sun.stdout.encoding" value="cp437"/>
    <property name="sun.cpu.isalist" value="amd64"/>
  </properties>
  <testcase classname="Login Features" name="Login as valid users and expected to be in the inventory page #1" time="4.446"/>
  <testcase classname="Login Features" name="Login as valid users and expected to be in the inventory page #2" time="2.625">
    <failure type="java.lang.AssertionError">java.lang.AssertionError
	at org.junit.Assert.fail(Assert.java:87)
	at org.junit.Assert.assertTrue(Assert.java:42)
	at org.junit.Assert.assertTrue(Assert.java:53)
	at aequilibriumAssessment.stepdefs.InventoryStepDefinitions.i_should_be_in_the_inventory_page(InventoryStepDefinitions.java:13)
	at ✽.I should be in the inventory page(classpath:aequilibriumAssessment/TestLogin.feature:11)
</failure>
    <system-out>
@loginFeature @validUsers
Scenario Outline: Login as valid users and expected to be in the inventory page &amp;#27;[90m# aequilibriumAssessment/TestLogin.feature:16&amp;#27;[0m
===&gt;Setup driver and load browser
=====&gt;Default Site:https://www.saucedemo.com/
  &amp;#27;[32mGiven &amp;#27;[0m&amp;#27;[32mI am on the login page&amp;#27;[0m                                                  &amp;#27;[90m# aequilibriumAssessment.stepdefs.LoginStepDefinitions.i_am_on_the_login_page()&amp;#27;[0m
  &amp;#27;[32mWhen &amp;#27;[0m&amp;#27;[32mI provided the credentials &amp;#27;[0m&amp;#27;[32m&amp;#27;[1m&quot;locked_out_user&quot;&amp;#27;[0m&amp;#27;[32m and &amp;#27;[0m&amp;#27;[32m&amp;#27;[1m&quot;secret_sauce&quot;&amp;#27;[0m          &amp;#27;[90m# aequilibriumAssessment.stepdefs.LoginStepDefinitions.i_provided_the_credentials_and(java.lang.String,java.lang.String)&amp;#27;[0m
  &amp;#27;[32mAnd &amp;#27;[0m&amp;#27;[32mI try to login&amp;#27;[0m                                                            &amp;#27;[90m# aequilibriumAssessment.stepdefs.LoginStepDefinitions.i_submit_login_page()&amp;#27;[0m
  &amp;#27;[31mThen &amp;#27;[0m&amp;#27;[31mI should be in the inventory page&amp;#27;[0m                                        &amp;#27;[90m# aequilibriumAssessment.stepdefs.InventoryStepDefinitions.i_should_be_in_the_inventory_page()&amp;#27;[0m
      &amp;#27;[31mjava.lang.AssertionError
	at org.junit.Assert.fail(Assert.java:87)
	at org.junit.Assert.assertTrue(Assert.java:42)
	at org.junit.Assert.assertTrue(Assert.java:53)
	at aequilibriumAssessment.stepdefs.InventoryStepDefinitions.i_should_be_in_the_inventory_page(InventoryStepDefinitions.java:13)
	at âœ½.I should be in the inventory page(classpath:aequilibriumAssessment/TestLogin.feature:11)
&amp;#27;[0m

    Embedding My screenshot [image/png 52351 bytes]

===&gt;Tear down...
</system-out>
    <system-err>Starting ChromeDriver 91.0.4472.101 (af52a90bf87030dd1523486a1cd3ae25c5d76c9b-refs/branch-heads/4472@{#1462}) on port 5572
Only local connections are allowed.
Please see https://chromedriver.chromium.org/security-considerations for suggestions on keeping ChromeDriver safe.
ChromeDriver was started successfully.
[1628798836.188][WARNING]: This version of ChromeDriver has not been tested with Chrome version 92.
Aug 13, 2021 4:07:16 AM org.openqa.selenium.remote.ProtocolHandshake createSession
INFO: Detected dialect: W3C
</system-err>
  </testcase>
  <testcase classname="Login Features" name="Login as valid users and expected to be in the inventory page #3" time="2.52"/>
  <testcase classname="Login Features" name="Login as valid users and expected to be in the inventory page #4" time="7.673"/>
</testsuite>